[2024/07/31 01:49:04]
{NotSpecified}
Microsoft.Graph.PowerShell.AuthenticationException: Authentication needed. Please call Connect-MgGraph.
   at Microsoft.Graph.PowerShell.Authentication.Core.Utilities.AuthenticationHelpers.GetAuthenticationProviderAsync(IAuthContext authContext)
   at Microsoft.Graph.PowerShell.Authentication.Helpers.HttpHelpers.GetGraphHttpClient()
   at Microsoft.Graph.Beta.PowerShell.Module.BeforeCreatePipeline(InvocationInfo invocationInfo, HttpPipeline& pipeline)
   at Microsoft.Graph.Beta.PowerShell.Module.CreatePipeline(InvocationInfo invocationInfo, String parameterSetName)
   at Microsoft.Graph.Beta.PowerShell.Cmdlets.GetMgBetaDeviceManagementConfigurationPolicy_List.ProcessRecordAsync()
"Error during Export:"
at Get-MgBetaDeviceManagementConfigurationPolicy<Process>, C:\Users\runneradmin\Documents\PowerShell\Modules\Microsoft.Graph.Beta.DeviceManagement\2.20.0\exports\ProxyCmdletDefinitions.ps1: line 21853
at Export-TargetResource, C:\Users\runneradmin\Documents\PowerShell\Modules\Microsoft365DSC\1.24.724.1\DSCResources\MSFT_IntuneSettingCatalogCustomPolicyWindows10\MSFT_IntuneSettingCatalogCustomPolicyWindows10.psm1: line 567
at Start-M365DSCConfigurationExtract, C:\Users\runneradmin\Documents\PowerShell\Modules\Microsoft365DSC\1.24.724.1\Modules\M365DSCReverse.psm1: line 682
at Export-M365DSCConfiguration, C:\Users\runneradmin\Documents\PowerShell\Modules\Microsoft365DSC\1.24.724.1\Modules\M365DSCUtil.psm1: line 1394
at <ScriptBlock>, D:\a\_temp\9a235603-75a3-4ecf-9cb6-d2056da738db.ps1: line 7
at <ScriptBlock>, <No file>: line 1
admin@M365x88829256.onmicrosoft.com
TenantId: M365x88829256.onmicrosoft.com



[2024/08/19 02:15:13]
{NotSpecified}
Microsoft.Graph.PowerShell.AuthenticationException: Authentication needed. Please call Connect-MgGraph.
   at Microsoft.Graph.PowerShell.Authentication.Core.Utilities.AuthenticationHelpers.GetAuthenticationProviderAsync(IAuthContext authContext)
   at Microsoft.Graph.PowerShell.Authentication.Helpers.HttpHelpers.GetGraphHttpClient()
   at Microsoft.Graph.Beta.PowerShell.Module.BeforeCreatePipeline(InvocationInfo invocationInfo, HttpPipeline& pipeline)
   at Microsoft.Graph.Beta.PowerShell.Module.CreatePipeline(InvocationInfo invocationInfo, String parameterSetName)
   at Microsoft.Graph.Beta.PowerShell.Cmdlets.GetMgBetaDeviceManagementConfigurationPolicy_List.ProcessRecordAsync()
"Error during Export:"
at Get-MgBetaDeviceManagementConfigurationPolicy<Process>, C:\Users\runneradmin\Documents\PowerShell\Modules\Microsoft.Graph.Beta.DeviceManagement\2.20.0\exports\ProxyCmdletDefinitions.ps1: line 21853
at Export-TargetResource, C:\Users\runneradmin\Documents\PowerShell\Modules\Microsoft365DSC\1.24.731.1\DSCResources\MSFT_IntuneSettingCatalogCustomPolicyWindows10\MSFT_IntuneSettingCatalogCustomPolicyWindows10.psm1: line 567
at Start-M365DSCConfigurationExtract, C:\Users\runneradmin\Documents\PowerShell\Modules\Microsoft365DSC\1.24.731.1\Modules\M365DSCReverse.psm1: line 682
at Export-M365DSCConfiguration, C:\Users\runneradmin\Documents\PowerShell\Modules\Microsoft365DSC\1.24.731.1\Modules\M365DSCUtil.psm1: line 1394
at <ScriptBlock>, D:\a\_temp\400c7f98-ed91-4c59-b52c-9a8ad6e783ea.ps1: line 7
at <ScriptBlock>, <No file>: line 1
admin@M365x88829256.onmicrosoft.com
TenantId: M365x88829256.onmicrosoft.com



