[2024/05/08 01:37:37]
{NotSpecified}
Microsoft.Graph.PowerShell.AuthenticationException: Authentication needed. Please call Connect-MgGraph.
   at Microsoft.Graph.PowerShell.Authentication.Core.Utilities.AuthenticationHelpers.GetAuthenticationProviderAsync(IAuthContext authContext)
   at Microsoft.Graph.PowerShell.Authentication.Helpers.HttpHelpers.GetGraphHttpClient()
   at Microsoft.Graph.Beta.PowerShell.Module.BeforeCreatePipeline(InvocationInfo invocationInfo, HttpPipeline& pipeline)
   at Microsoft.Graph.Beta.PowerShell.Module.CreatePipeline(InvocationInfo invocationInfo, String parameterSetName)
   at Microsoft.Graph.Beta.PowerShell.Cmdlets.GetMgBetaDeviceManagementConfigurationPolicy_List.ProcessRecordAsync()
"Error during Export:"
at Get-MgBetaDeviceManagementConfigurationPolicy<Process>, C:\Users\runneradmin\Documents\PowerShell\Modules\Microsoft.Graph.Beta.DeviceManagement\2.17.0\exports\ProxyCmdletDefinitions.ps1: line 21802
at Export-TargetResource, C:\Users\runneradmin\Documents\PowerShell\Modules\Microsoft365DSC\1.24.424.1\DSCResources\MSFT_IntuneSettingCatalogCustomPolicyWindows10\MSFT_IntuneSettingCatalogCustomPolicyWindows10.psm1: line 570
at Start-M365DSCConfigurationExtract, C:\Users\runneradmin\Documents\PowerShell\Modules\Microsoft365DSC\1.24.424.1\Modules\M365DSCReverse.psm1: line 677
at Export-M365DSCConfiguration, C:\Users\runneradmin\Documents\PowerShell\Modules\Microsoft365DSC\1.24.424.1\Modules\M365DSCUtil.psm1: line 1375
at <ScriptBlock>, D:\a\_temp\721fe43b-136b-4527-8dc8-983fcada9725.ps1: line 7
at <ScriptBlock>, <No file>: line 1
admin@M365x88829256.onmicrosoft.com
TenantId: M365x88829256.onmicrosoft.com



[2024/06/11 02:04:15]
{NotSpecified}
Microsoft.Graph.PowerShell.AuthenticationException: Authentication needed. Please call Connect-MgGraph.
   at Microsoft.Graph.PowerShell.Authentication.Core.Utilities.AuthenticationHelpers.GetAuthenticationProviderAsync(IAuthContext authContext)
   at Microsoft.Graph.PowerShell.Authentication.Helpers.HttpHelpers.GetGraphHttpClient()
   at Microsoft.Graph.Beta.PowerShell.Module.BeforeCreatePipeline(InvocationInfo invocationInfo, HttpPipeline& pipeline)
   at Microsoft.Graph.Beta.PowerShell.Module.CreatePipeline(InvocationInfo invocationInfo, String parameterSetName)
   at Microsoft.Graph.Beta.PowerShell.Cmdlets.GetMgBetaDeviceManagementConfigurationPolicy_List.ProcessRecordAsync()
"Error during Export:"
at Get-MgBetaDeviceManagementConfigurationPolicy<Process>, C:\Users\runneradmin\Documents\PowerShell\Modules\Microsoft.Graph.Beta.DeviceManagement\2.19.0\exports\ProxyCmdletDefinitions.ps1: line 21841
at Export-TargetResource, C:\Users\runneradmin\Documents\PowerShell\Modules\Microsoft365DSC\1.24.605.1\DSCResources\MSFT_IntuneSettingCatalogCustomPolicyWindows10\MSFT_IntuneSettingCatalogCustomPolicyWindows10.psm1: line 583
at Start-M365DSCConfigurationExtract, C:\Users\runneradmin\Documents\PowerShell\Modules\Microsoft365DSC\1.24.605.1\Modules\M365DSCReverse.psm1: line 677
at Export-M365DSCConfiguration, C:\Users\runneradmin\Documents\PowerShell\Modules\Microsoft365DSC\1.24.605.1\Modules\M365DSCUtil.psm1: line 1375
at <ScriptBlock>, D:\a\_temp\1fa80d6e-c329-4fd4-b907-dd7e8c013d28.ps1: line 7
at <ScriptBlock>, <No file>: line 1
admin@M365x88829256.onmicrosoft.com
TenantId: M365x88829256.onmicrosoft.com



