[2024/03/01 01:53:23]
{InvalidOperation}
System.Management.Automation.RuntimeException: You cannot call a method on a null-valued expression.
   at System.Management.Automation.ExceptionHandlingOps.CheckActionPreference(FunctionContext funcContext, Exception exception)
   at System.Management.Automation.Interpreter.ActionCallInstruction`2.Run(InterpretedFrame frame)
   at System.Management.Automation.Interpreter.EnterTryCatchFinallyInstruction.Run(InterpretedFrame frame)
   at System.Management.Automation.Interpreter.EnterTryCatchFinallyInstruction.Run(InterpretedFrame frame)
   at System.Management.Automation.Interpreter.Interpreter.Run(InterpretedFrame frame)
   at System.Management.Automation.Interpreter.LightLambda.RunVoid1[T0](T0 arg0)
   at System.Management.Automation.PSScriptCmdlet.RunClause(Action`1 clause, Object dollarUnderbar, Object inputToProcess)
   at System.Management.Automation.CommandProcessorBase.Complete()
"Error during Export:"
at Get-M365DSCExportContentForResource, C:\Users\runneradmin\Documents\PowerShell\Modules\Microsoft365DSC\1.24.228.1\Modules\M365DSCUtil.psm1: line 3373
at Export-TargetResource, C:\Users\runneradmin\Documents\PowerShell\Modules\Microsoft365DSC\1.24.228.1\DSCResources\MSFT_IntuneSettingCatalogCustomPolicyWindows10\MSFT_IntuneSettingCatalogCustomPolicyWindows10.psm1: line 691
at Start-M365DSCConfigurationExtract, C:\Users\runneradmin\Documents\PowerShell\Modules\Microsoft365DSC\1.24.228.1\Modules\M365DSCReverse.psm1: line 649
at Export-M365DSCConfiguration, C:\Users\runneradmin\Documents\PowerShell\Modules\Microsoft365DSC\1.24.228.1\Modules\M365DSCUtil.psm1: line 1357
at <ScriptBlock>, D:\a\_temp\1c83739c-f65d-4fcf-8922-5fd2212cd598.ps1: line 7
at <ScriptBlock>, <No file>: line 1
admin@M365x88829256.onmicrosoft.com
TenantId: M365x88829256.onmicrosoft.com



[2024/06/30 02:10:55]
{NotSpecified}
Microsoft.Graph.PowerShell.AuthenticationException: Authentication needed. Please call Connect-MgGraph.
   at Microsoft.Graph.PowerShell.Authentication.Core.Utilities.AuthenticationHelpers.GetAuthenticationProviderAsync(IAuthContext authContext)
   at Microsoft.Graph.PowerShell.Authentication.Helpers.HttpHelpers.GetGraphHttpClient()
   at Microsoft.Graph.Beta.PowerShell.Module.BeforeCreatePipeline(InvocationInfo invocationInfo, HttpPipeline& pipeline)
   at Microsoft.Graph.Beta.PowerShell.Module.CreatePipeline(InvocationInfo invocationInfo, String parameterSetName)
   at Microsoft.Graph.Beta.PowerShell.Cmdlets.GetMgBetaDeviceManagementConfigurationPolicy_List.ProcessRecordAsync()
"Error during Export:"
at Get-MgBetaDeviceManagementConfigurationPolicy<Process>, C:\Users\runneradmin\Documents\PowerShell\Modules\Microsoft.Graph.Beta.DeviceManagement\2.19.0\exports\ProxyCmdletDefinitions.ps1: line 21841
at Export-TargetResource, C:\Users\runneradmin\Documents\PowerShell\Modules\Microsoft365DSC\1.24.626.1\DSCResources\MSFT_IntuneSettingCatalogCustomPolicyWindows10\MSFT_IntuneSettingCatalogCustomPolicyWindows10.psm1: line 567
at Start-M365DSCConfigurationExtract, C:\Users\runneradmin\Documents\PowerShell\Modules\Microsoft365DSC\1.24.626.1\Modules\M365DSCReverse.psm1: line 682
at Export-M365DSCConfiguration, C:\Users\runneradmin\Documents\PowerShell\Modules\Microsoft365DSC\1.24.626.1\Modules\M365DSCUtil.psm1: line 1389
at <ScriptBlock>, D:\a\_temp\aecbc69a-675d-4b84-8cbb-8d7fd46275f6.ps1: line 7
at <ScriptBlock>, <No file>: line 1
admin@M365x88829256.onmicrosoft.com
TenantId: M365x88829256.onmicrosoft.com



